-------------------------------------------------------------------------------
Test set: edu.az.service.library.LibraryApplicationTests
-------------------------------------------------------------------------------
Tests run: 1, Failures: 0, Errors: 1, Skipped: 0, Time elapsed: 0.694 s <<< FAILURE! - in edu.az.service.library.LibraryApplicationTests
edu.az.service.library.LibraryApplicationTests  Time elapsed: 0.692 s  <<< ERROR!
java.lang.IllegalStateException: Unable to find a @SpringBootConfiguration, you need to use @ContextConfiguration or @SpringBootTest(classes=...) with your test

