<?xml version="1.0" encoding="UTF-8"?>
<testsuite xmlns:xsi="http://www.w3.org/2001/XMLSchema-instance" xsi:noNamespaceSchemaLocation="https://maven.apache.org/surefire/maven-surefire-plugin/xsd/surefire-test-report.xsd" name="edu.az.service.library.LibraryApplicationTests" time="0.694" tests="1" errors="1" skipped="0" failures="0">
  <properties>
[...]
</properties>
  <testcase name="edu.az.service.library.LibraryApplicationTests" classname="edu.az.service.library.LibraryApplicationTests" time="0.692">
    <error message="Unable to find a @SpringBootConfiguration, you need to use @ContextConfiguration or @SpringBootTest(classes=...) with your test" type="java.lang.IllegalStateException">java.lang.IllegalStateException: Unable to find a @SpringBootConfiguration, you need to use @ContextConfiguration or @SpringBootTest(classes=...) with your test
</error>
    <system-out><![CDATA[22:20:00.972 [main] DEBUG org.springframework.test.context.BootstrapUtils - Instantiating CacheAwareContextLoaderDelegate from class [org.springframework.test.context.cache.DefaultCacheAwareContextLoaderDelegate]
22:20:01.008 [main] DEBUG org.springframework.test.context.BootstrapUtils - Instantiating BootstrapContext using constructor [public org.springframework.test.context.support.DefaultBootstrapContext(java.lang.Class,org.springframework.test.context.CacheAwareContextLoaderDelegate)]
22:20:01.124 [main] DEBUG org.springframework.test.context.BootstrapUtils - Instantiating TestContextBootstrapper for test class [edu.az.service.library.LibraryApplicationTests] from class [org.springframework.boot.test.context.SpringBootTestContextBootstrapper]
22:20:01.147 [main] INFO org.springframework.boot.test.context.SpringBootTestContextBootstrapper - Neither @ContextConfiguration nor @ContextHierarchy found for test class [edu.az.service.library.LibraryApplicationTests], using SpringBootContextLoader
22:20:01.163 [main] DEBUG org.springframework.test.context.support.AbstractContextLoader - Did not detect default resource location for test class [edu.az.service.library.LibraryApplicationTests]: class path resource [edu/az/service/library/LibraryApplicationTests-context.xml] does not exist
22:20:01.164 [main] DEBUG org.springframework.test.context.support.AbstractContextLoader - Did not detect default resource location for test class [edu.az.service.library.LibraryApplicationTests]: class path resource [edu/az/service/library/LibraryApplicationTestsContext.groovy] does not exist
22:20:01.165 [main] INFO org.springframework.test.context.support.AbstractContextLoader - Could not detect default resource locations for test class [edu.az.service.library.LibraryApplicationTests]: no resource found for suffixes {-context.xml, Context.groovy}.
22:20:01.166 [main] INFO org.springframework.test.context.support.AnnotationConfigContextLoaderUtils - Could not detect default configuration classes for test class [edu.az.service.library.LibraryApplicationTests]: LibraryApplicationTests does not declare any static, non-private, non-final, nested classes annotated with @Configuration.
22:20:01.311 [main] DEBUG org.springframework.test.context.support.ActiveProfilesUtils - Could not find an 'annotation declaring class' for annotation type [org.springframework.test.context.ActiveProfiles] and class [edu.az.service.library.LibraryApplicationTests]
]]></system-out>
  </testcase>
</testsuite>